<?xml version="1.0" encoding="UTF-8"?>
<!-- Generated by org.testng.reporters.JUnitReportReporter -->
<testsuite hostname="Rahavi" failures="0" tests="1" name="com.ecom.food_order.cart.viewMenuByRestaurant" time="66.718" errors="0" timestamp="21 Apr 2025 07:46:53 GMT" skipped="0">
  <testcase classname="com.ecom.food_order.cart.viewMenuByRestaurant" name="view_menu_by_restaurant" time="66.718"/>
</testsuite> <!-- com.ecom.food_order.cart.viewMenuByRestaurant -->
