<?xml version="1.0" encoding="UTF-8"?>
<!-- Generated by org.testng.reporters.JUnitReportReporter -->
<testsuite hostname="Rahavi" failures="0" tests="1" name="com.ecom.foodorder_system.test.Food_ordering_systemTest" time="28.081" errors="0" timestamp="28 Apr 2025 07:36:23 GMT" skipped="0">
  <testcase classname="com.ecom.foodorder_system.test.Food_ordering_systemTest" name="cancel_the_order" time="28.081"/>
</testsuite> <!-- com.ecom.foodorder_system.test.Food_ordering_systemTest -->
