<?xml version="1.0" encoding="UTF-8"?>
<!-- Generated by org.testng.reporters.JUnitReportReporter -->
<testsuite hostname="Rahavi" failures="0" tests="1" name="com.ecom.food_order.cart.viewOrderHistory" time="17.252" errors="0" timestamp="21 Apr 2025 09:46:43 GMT" skipped="0">
  <testcase classname="com.ecom.food_order.cart.viewOrderHistory" name="view_order_history" time="17.252"/>
</testsuite> <!-- com.ecom.food_order.cart.viewOrderHistory -->
