<?xml version="1.0" encoding="UTF-8"?>
<!-- Generated by org.testng.reporters.JUnitReportReporter -->
<testsuite hostname="Rahavi" failures="0" tests="1" name="com.ecom.food_order.cart.placeOrder" time="26.069" errors="0" timestamp="21 Apr 2025 09:46:43 GMT" skipped="0">
  <testcase classname="com.ecom.food_order.cart.placeOrder" name="place_order" time="26.069"/>
</testsuite> <!-- com.ecom.food_order.cart.placeOrder -->
