<?xml version="1.0" encoding="UTF-8"?>
<!-- Generated by org.testng.reporters.JUnitReportReporter -->
<testsuite hostname="Rahavi" failures="0" tests="1" name="com.ecom.food_order.cart.cancelTheOrder" time="13.835" errors="0" timestamp="29 Apr 2025 10:35:27 GMT" skipped="0">
  <testcase classname="com.ecom.food_order.cart.cancelTheOrder" name="cancel_the_order" time="13.835"/>
</testsuite> <!-- com.ecom.food_order.cart.cancelTheOrder -->
