<?xml version="1.0" encoding="UTF-8"?>
<!-- Generated by org.testng.reporters.JUnitReportReporter -->
<testsuite hostname="Rahavi" failures="0" tests="1" name="com.ecom.food_order.cart.Food_ordering_systemTest" time="19.193" errors="0" timestamp="22 Apr 2025 07:23:18 GMT" skipped="0">
  <testcase classname="com.ecom.food_order.cart.Food_ordering_systemTest" name="add_MultipleItem" time="19.193"/>
</testsuite> <!-- com.ecom.food_order.cart.Food_ordering_systemTest -->
