<?xml version="1.0" encoding="UTF-8"?>
<!-- Generated by org.testng.reporters.JUnitReportReporter -->
<testsuite hostname="Rahavi" failures="0" tests="1" name="com.ecom.food_order.cart.removeItemFromCart" time="84.768" errors="0" timestamp="21 Apr 2025 07:46:53 GMT" skipped="0">
  <testcase classname="com.ecom.food_order.cart.removeItemFromCart" name="remove_item_from_cart" time="84.768"/>
</testsuite> <!-- com.ecom.food_order.cart.removeItemFromCart -->
