<?xml version="1.0" encoding="UTF-8"?>
<!-- Generated by org.testng.reporters.JUnitXMLReporter -->
<testsuite ignored="0" hostname="Rahavi" failures="0" tests="1" name="test-3" time="117.564" errors="0" timestamp="21 Apr 2025 07:45:54 GMT">
  <testcase classname="com.ecom.food_order.cart.removeItemFromCart" name="remove_item_from_cart" time="27.208"/>
</testsuite> <!-- test-3 -->
