<?xml version="1.0" encoding="UTF-8"?>
<!-- Generated by org.testng.reporters.JUnitXMLReporter -->
<testsuite ignored="0" hostname="Rahavi" failures="0" tests="1" name="test-2" time="125.559" errors="0" timestamp="21 Apr 2025 07:46:01 GMT">
  <testcase classname="com.ecom.food_order.cart.addMultipleItem" name="add_MultipleItem" time="29.687"/>
</testsuite> <!-- test-2 -->
