<?xml version="1.0" encoding="UTF-8"?>
<!-- Generated by org.testng.reporters.JUnitXMLReporter -->
<testsuite ignored="2" hostname="Rahavi" failures="0" tests="2" name="test-4" time="164.325" errors="0" timestamp="21 Apr 2025 07:46:39 GMT">
  <testcase classname="com.ecom.food_order.cart.viewMenuByRestaurant" name="view_menu_by_restaurant" time="10.132"/>
  <testcase classname="com.ecom.food_order.cart.viewOrderHistory" name="view_order_history" time="7.552"/>
  <testcase classname="com.ecom.food_order.baseclass.baseClass" name="@AfterSuite configAfterSuite" time="0.0">
    <ignored/>
  </testcase> <!-- @AfterSuite configAfterSuite -->
  <testcase classname="com.ecom.food_order.baseclass.baseClass" name="@BeforeSuite configBeforeSuite" time="0.0">
    <ignored/>
  </testcase> <!-- @BeforeSuite configBeforeSuite -->
</testsuite> <!-- test-4 -->
