<?xml version="1.0" encoding="UTF-8"?>
<!-- Generated by org.testng.reporters.JUnitXMLReporter -->
<testsuite ignored="4" hostname="Rahavi" failures="0" tests="3" name="test-1" time="177.263" errors="0" timestamp="21 Apr 2025 07:46:52 GMT">
  <testcase classname="com.ecom.food_order.cart.placeOrderByRestaurant" name="place_orderBy_restaurant" time="24.461"/>
  <testcase classname="com.ecom.food_order.cart.cancelTheOrder" name="cancel_the_order" time="3.8"/>
  <testcase classname="com.ecom.food_order.cart.placeOrder" name="place_order" time="6.486"/>
  <testcase classname="com.ecom.food_order.baseclass.baseClass" name="@AfterSuite configAfterSuite" time="0.0">
    <ignored/>
  </testcase> <!-- @AfterSuite configAfterSuite -->
  <testcase classname="com.ecom.food_order.baseclass.baseClass" name="@AfterSuite configAfterSuite" time="0.0">
    <ignored/>
  </testcase> <!-- @AfterSuite configAfterSuite -->
  <testcase classname="com.ecom.food_order.baseclass.baseClass" name="@BeforeSuite configBeforeSuite" time="0.0">
    <ignored/>
  </testcase> <!-- @BeforeSuite configBeforeSuite -->
  <testcase classname="com.ecom.food_order.baseclass.baseClass" name="@BeforeSuite configBeforeSuite" time="0.0">
    <ignored/>
  </testcase> <!-- @BeforeSuite configBeforeSuite -->
</testsuite> <!-- test-1 -->
